Determining if the pthread_create exist failed with the following output:
Change Dir: /home/wangzhongju/workspace/wzj/img_algorithm/pointcompute/build/CMakeFiles/CMakeTmp

Run Build Command:"/usr/bin/make" "cmTC_73c8b/fast"
/usr/bin/make -f CMakeFiles/cmTC_73c8b.dir/build.make CMakeFiles/cmTC_73c8b.dir/build
make[1]: Entering directory '/home/wangzhongju/workspace/wzj/img_algorithm/pointcompute/build/CMakeFiles/CMakeTmp'
Building C object CMakeFiles/cmTC_73c8b.dir/CheckSymbolExists.c.o
/usr/bin/cc    -o CMakeFiles/cmTC_73c8b.dir/CheckSymbolExists.c.o   -c /home/wangzhongju/workspace/wzj/img_algorithm/pointcompute/build/CMakeFiles/CMakeTmp/CheckSymbolExists.c
Linking C executable cmTC_73c8b
/usr/local/bin/cmake -E cmake_link_script CMakeFiles/cmTC_73c8b.dir/link.txt --verbose=1
/usr/bin/cc      -rdynamic CMakeFiles/cmTC_73c8b.dir/CheckSymbolExists.c.o  -o cmTC_73c8b 
CMakeFiles/cmTC_73c8b.dir/CheckSymbolExists.c.o: In function `main':
CheckSymbolExists.c:(.text+0x16): undefined reference to `pthread_create'
collect2: error: ld returned 1 exit status
CMakeFiles/cmTC_73c8b.dir/build.make:86: recipe for target 'cmTC_73c8b' failed
make[1]: *** [cmTC_73c8b] Error 1
make[1]: Leaving directory '/home/wangzhongju/workspace/wzj/img_algorithm/pointcompute/build/CMakeFiles/CMakeTmp'
Makefile:121: recipe for target 'cmTC_73c8b/fast' failed
make: *** [cmTC_73c8b/fast] Error 2

File /home/wangzhongju/workspace/wzj/img_algorithm/pointcompute/build/CMakeFiles/CMakeTmp/CheckSymbolExists.c:
/* */
#include <pthread.h>

int main(int argc, char** argv)
{
  (void)argv;
#ifndef pthread_create
  return ((int*)(&pthread_create))[argc];
#else
  (void)argc;
  return 0;
#endif
}

Determining if the function pthread_create exists in the pthreads failed with the following output:
Change Dir: /home/wangzhongju/workspace/wzj/img_algorithm/pointcompute/build/CMakeFiles/CMakeTmp

Run Build Command:"/usr/bin/make" "cmTC_1b2a7/fast"
/usr/bin/make -f CMakeFiles/cmTC_1b2a7.dir/build.make CMakeFiles/cmTC_1b2a7.dir/build
make[1]: Entering directory '/home/wangzhongju/workspace/wzj/img_algorithm/pointcompute/build/CMakeFiles/CMakeTmp'
Building C object CMakeFiles/cmTC_1b2a7.dir/CheckFunctionExists.c.o
/usr/bin/cc   -DCHECK_FUNCTION_EXISTS=pthread_create   -o CMakeFiles/cmTC_1b2a7.dir/CheckFunctionExists.c.o   -c /usr/local/share/cmake-3.12/Modules/CheckFunctionExists.c
Linking C executable cmTC_1b2a7
/usr/local/bin/cmake -E cmake_link_script CMakeFiles/cmTC_1b2a7.dir/link.txt --verbose=1
/usr/bin/cc  -DCHECK_FUNCTION_EXISTS=pthread_create    -rdynamic CMakeFiles/cmTC_1b2a7.dir/CheckFunctionExists.c.o  -o cmTC_1b2a7 -lpthreads 
/usr/bin/ld: cannot find -lpthreads
collect2: error: ld returned 1 exit status
CMakeFiles/cmTC_1b2a7.dir/build.make:86: recipe for target 'cmTC_1b2a7' failed
make[1]: *** [cmTC_1b2a7] Error 1
make[1]: Leaving directory '/home/wangzhongju/workspace/wzj/img_algorithm/pointcompute/build/CMakeFiles/CMakeTmp'
Makefile:121: recipe for target 'cmTC_1b2a7/fast' failed
make: *** [cmTC_1b2a7/fast] Error 2


